<?xml version="1.0" encoding="UTF-8"?>
<!-- Generated by org.testng.reporters.JUnitXMLReporter -->
<testsuite ignored="2" hostname="LAPTOP-JN0A0H06" failures="0" tests="2" name="Test" time="0.551" errors="0" timestamp="2024-01-06T14:29:28 IST">
  <testcase classname="testP.FirstTest" name="t1" time="0.126"/>
  <testcase classname="testP.SecondTest" name="t2" time="0.091"/>
  <testcase classname="driversP.Drivers" name="@BeforeSuite browserRun" time="0.0">
    <ignored/>
  </testcase> <!-- @BeforeSuite browserRun -->
  <testcase classname="driversP.Drivers" name="@AfterSuite exitBrowser" time="0.0">
    <ignored/>
  </testcase> <!-- @AfterSuite exitBrowser -->
</testsuite> <!-- Test -->
