<?xml version="1.0" encoding="UTF-8"?>
<testng-results ignored="2" total="4" passed="2" failed="0" skipped="0">
  <reporter-output>
  </reporter-output>
  <suite started-at="2024-01-06T14:29:28 IST" name="Suite" finished-at="2024-01-06T14:29:28 IST" duration-ms="551">
    <groups>
    </groups>
    <test started-at="2024-01-06T14:29:28 IST" name="Test" finished-at="2024-01-06T14:29:28 IST" duration-ms="551">
      <class name="testP.FirstTest">
        <test-method is-config="true" signature="browserRun()[pri:0, instance:testP.FirstTest@1de76cc7]" started-at="2024-01-06T14:29:23 IST" name="browserRun" finished-at="2024-01-06T14:29:28 IST" duration-ms="4724" status="PASS">
          <reporter-output>
          </reporter-output>
        </test-method> <!-- browserRun -->
        <test-method is-config="true" signature="reports()[pri:0, instance:testP.FirstTest@1de76cc7]" started-at="2024-01-06T14:29:28 IST" name="reports" finished-at="2024-01-06T14:29:28 IST" duration-ms="291" status="PASS">
          <reporter-output>
          </reporter-output>
        </test-method> <!-- reports -->
        <test-method signature="t1()[pri:0, instance:testP.FirstTest@1de76cc7]" started-at="2024-01-06T14:29:28 IST" name="t1" finished-at="2024-01-06T14:29:28 IST" duration-ms="126" status="PASS">
          <reporter-output>
          </reporter-output>
        </test-method> <!-- t1 -->
        <test-method is-config="true" signature="exitBrowser()[pri:0, instance:testP.FirstTest@1de76cc7]" started-at="2024-01-06T14:29:28 IST" name="exitBrowser" finished-at="2024-01-06T14:29:29 IST" duration-ms="839" status="PASS">
          <reporter-output>
          </reporter-output>
        </test-method> <!-- exitBrowser -->
      </class> <!-- testP.FirstTest -->
      <class name="testP.SecondTest">
        <test-method is-config="true" signature="reports()[pri:0, instance:testP.SecondTest@6e0f5f7f]" started-at="2024-01-06T14:29:28 IST" name="reports" finished-at="2024-01-06T14:29:28 IST" duration-ms="1" status="PASS">
          <reporter-output>
          </reporter-output>
        </test-method> <!-- reports -->
        <test-method signature="t2()[pri:0, instance:testP.SecondTest@6e0f5f7f]" started-at="2024-01-06T14:29:28 IST" name="t2" finished-at="2024-01-06T14:29:28 IST" duration-ms="91" status="PASS">
          <reporter-output>
          </reporter-output>
        </test-method> <!-- t2 -->
      </class> <!-- testP.SecondTest -->
    </test> <!-- Test -->
  </suite> <!-- Suite -->
</testng-results>
